INFO    : PreTeXt-CLI version: 2.4.0

INFO    : PreTeXt project found in `/workspaces/comat`.
WARNING : Project's CLI version could not be detected from `requirements.txt`.
WARNING : Try `pretext init --refresh` to produce a compatible file.
INFO    : Since no target was supplied, we will use "web".

INFO    : string parameters passed to extraction stylesheet: {'publisher': '/workspaces/comat/publication/publication.ptx'}
INFO    : discovering source file's directory name: /workspaces/comat/source
INFO    : verifying and expanding input directory: /workspaces/comat/source/../generated-assets
INFO    : input directory expanded to absolute path: /workspaces/comat/generated-assets
INFO    : verifying and expanding input directory: /workspaces/comat/source/../assets
INFO    : input directory expanded to absolute path: /workspaces/comat/assets
INFO    : XSL conversion of /workspaces/comat/source/main.ptx by /home/vscode/.ptx/xsl/extract-pg.xsl
INFO    : successful application of /home/vscode/.ptx/xsl/extract-pg.xsl
INFO    : validating, cleaning server URL: https://webwork-ptx.aimath.org
INFO    : building representations of PTX-authored WeBWorK problem
INFO    : sending webwork-1 to server to save in /workspaces/comat/generated-assets/webwork/webwork-representations.xml: origin is 'ptx'
INFO    : Removing temporary directory /tmp/ptx-hvgbfgtj
INFO    : converting latex-image pictures from /workspaces/comat/source/main.ptx to svg graphics for placement in /workspaces/comat/generated-assets/latex-image
INFO    : extracting latex-image pictures from /workspaces/comat/source/main.ptx
INFO    : string parameters passed to extraction stylesheet: {'publisher': '/workspaces/comat/publication/publication.ptx'}
INFO    : discovering source file's directory name: /workspaces/comat/source
INFO    : verifying and expanding input directory: /workspaces/comat/source/../generated-assets
INFO    : input directory expanded to absolute path: /workspaces/comat/generated-assets
INFO    : verifying and expanding input directory: /workspaces/comat/source/../assets
INFO    : input directory expanded to absolute path: /workspaces/comat/assets
INFO    : XSL conversion of /workspaces/comat/source/main.ptx by /home/vscode/.ptx/xsl/extract-latex-image.xsl
INFO    : successful application of /home/vscode/.ptx/xsl/extract-latex-image.xsl
INFO    : converting tikz_quick_eg.tex to tikz_quick_eg.pdf
INFO    : cropping tikz_quick_eg.pdf to cropped-tikz_quick_eg.pdf
INFO    : renaming cropped-tikz_quick_eg.pdf to tikz_quick_eg.pdf
INFO    : converting tikz_quick_eg.pdf to tikz_quick_eg.svg
INFO    : converting image_tikz_eg.tex to image_tikz_eg.pdf
INFO    : cropping image_tikz_eg.pdf to cropped-image_tikz_eg.pdf
INFO    : renaming cropped-image_tikz_eg.pdf to image_tikz_eg.pdf
INFO    : converting image_tikz_eg.pdf to image_tikz_eg.svg
INFO    : converting tikz-electronics.tex to tikz-electronics.pdf
INFO    : cropping tikz-electronics.pdf to cropped-tikz-electronics.pdf
INFO    : renaming cropped-tikz-electronics.pdf to tikz-electronics.pdf
INFO    : converting tikz-electronics.pdf to tikz-electronics.svg
INFO    : converting Asymptote diagrams from /workspaces/comat/source/main.ptx to HTML graphics for placement in /workspaces/comat/generated-assets/asymptote with method "AsyMethod.SERVER"
INFO    : extracting Asymptote diagrams from /workspaces/comat/source/main.ptx
INFO    : string parameters passed to extraction stylesheet: {'publisher': '/workspaces/comat/publication/publication.ptx'}
INFO    : XSL conversion of /workspaces/comat/source/main.ptx by /home/vscode/.ptx/xsl/extract-asymptote.xsl
INFO    : successful application of /home/vscode/.ptx/xsl/extract-asymptote.xsl
INFO    : converting /tmp/ptx-nu31xfg4/asymptote-workcone.asy to /tmp/ptx-nu31xfg4/asymptote-workcone.html
INFO    : converting /tmp/ptx-nu31xfg4/asymptote-contour.asy to /tmp/ptx-nu31xfg4/asymptote-contour.html
INFO    : converting Sage diagrams from /workspaces/comat/source/main.ptx to HTML graphics for placement in /workspaces/comat/generated-assets/sageplot
WARNING : Unable to generate some sageplot images:
 'NoneType' object has no attribute 'split'
INFO    : Removing temporary directory /tmp/ptx-rxg0dm5u
INFO    : Removing temporary directory /tmp/ptx-nu31xfg4
INFO    : Removing temporary directory /tmp/ptx-bprkz474
INFO    : Preparing to build into /workspaces/comat/docs/guide.
INFO    : discovering source file's directory name: /workspaces/comat/source
INFO    : verifying and expanding input directory: /workspaces/comat/source/../generated-assets
INFO    : input directory expanded to absolute path: /workspaces/comat/generated-assets
INFO    : verifying and expanding input directory: /workspaces/comat/source/../assets
INFO    : input directory expanded to absolute path: /workspaces/comat/assets
INFO    : Runestone Services (via PreTeXt repository): version 7.2.15
INFO    : Runestone Services (using newer, via online CDN query): version 7.2.18
INFO    : converting /workspaces/comat/source/main.ptx to HTML in /tmp/ptx-c3l4jy55
INFO    : XSL conversion of /workspaces/comat/source/main.ptx by /home/vscode/.ptx/xsl/pretext-html.xsl
INFO    : successful application of /home/vscode/.ptx/xsl/pretext-html.xsl
INFO    : 
Success! Run `pretext view` to see the results.

